2024/08/23 22:17:24 [notice] 1#1: using the "epoll" event method
2024/08/23 22:17:24 [notice] 1#1: nginx/1.26.2
2024/08/23 22:17:24 [notice] 1#1: built by gcc 13.2.1 20240309 (Alpine 13.2.1_git20240309) 
2024/08/23 22:17:24 [notice] 1#1: OS: Linux 6.10.0-linuxkit
2024/08/23 22:17:24 [notice] 1#1: getrlimit(RLIMIT_NOFILE): 1048576:1048576
2024/08/23 22:17:24 [notice] 1#1: start worker processes
2024/08/23 22:17:24 [notice] 1#1: start worker process 20
2024/08/23 22:17:24 [notice] 1#1: start worker process 21
2024/08/23 22:17:24 [notice] 1#1: start worker process 22
2024/08/23 22:17:24 [notice] 1#1: start worker process 23
2024/08/23 22:17:24 [notice] 1#1: start worker process 24
2024/08/23 22:17:24 [notice] 1#1: start worker process 25
2024/08/23 22:17:24 [notice] 1#1: start worker process 26
2024/08/23 22:17:24 [notice] 1#1: start worker process 27
2024/08/23 22:25:20 [notice] 1#1: signal 3 (SIGQUIT) received, shutting down
2024/08/23 22:25:20 [notice] 21#21: gracefully shutting down
2024/08/23 22:25:20 [notice] 27#27: gracefully shutting down
2024/08/23 22:25:20 [notice] 20#20: gracefully shutting down
2024/08/23 22:25:20 [notice] 20#20: exiting
2024/08/23 22:25:20 [notice] 22#22: gracefully shutting down
2024/08/23 22:25:20 [notice] 23#23: gracefully shutting down
2024/08/23 22:25:20 [notice] 25#25: gracefully shutting down
2024/08/23 22:25:20 [notice] 24#24: gracefully shutting down
2024/08/23 22:25:20 [notice] 26#26: gracefully shutting down
2024/08/23 22:25:20 [notice] 21#21: exiting
2024/08/23 22:25:20 [notice] 27#27: exiting
2024/08/23 22:25:20 [notice] 20#20: exit
2024/08/23 22:25:20 [notice] 22#22: exiting
2024/08/23 22:25:20 [notice] 23#23: exiting
2024/08/23 22:25:20 [notice] 25#25: exiting
2024/08/23 22:25:20 [notice] 24#24: exiting
2024/08/23 22:25:20 [notice] 26#26: exiting
2024/08/23 22:25:20 [notice] 25#25: exit
2024/08/23 22:25:20 [notice] 27#27: exit
2024/08/23 22:25:20 [notice] 21#21: exit
2024/08/23 22:25:20 [notice] 22#22: exit
2024/08/23 22:25:20 [notice] 23#23: exit
2024/08/23 22:25:20 [notice] 24#24: exit
2024/08/23 22:25:20 [notice] 26#26: exit
2024/08/23 22:25:20 [notice] 1#1: signal 17 (SIGCHLD) received from 25
2024/08/23 22:25:20 [notice] 1#1: worker process 25 exited with code 0
2024/08/23 22:25:20 [notice] 1#1: worker process 26 exited with code 0
2024/08/23 22:25:20 [notice] 1#1: signal 29 (SIGIO) received
2024/08/23 22:25:20 [notice] 1#1: signal 17 (SIGCHLD) received from 23
2024/08/23 22:25:20 [notice] 1#1: worker process 23 exited with code 0
2024/08/23 22:25:20 [notice] 1#1: worker process 24 exited with code 0
2024/08/23 22:25:20 [notice] 1#1: worker process 27 exited with code 0
2024/08/23 22:25:20 [notice] 1#1: signal 29 (SIGIO) received
2024/08/23 22:25:20 [notice] 1#1: signal 17 (SIGCHLD) received from 20
2024/08/23 22:25:20 [notice] 1#1: worker process 20 exited with code 0
2024/08/23 22:25:20 [notice] 1#1: signal 29 (SIGIO) received
2024/08/23 22:25:20 [notice] 1#1: signal 17 (SIGCHLD) received from 21
2024/08/23 22:25:20 [notice] 1#1: worker process 21 exited with code 0
2024/08/23 22:25:20 [notice] 1#1: worker process 22 exited with code 0
2024/08/23 22:25:20 [notice] 1#1: exit
2024/08/24 03:24:31 [notice] 1#1: using the "epoll" event method
2024/08/24 03:24:31 [notice] 1#1: nginx/1.26.2
2024/08/24 03:24:31 [notice] 1#1: built by gcc 13.2.1 20240309 (Alpine 13.2.1_git20240309) 
2024/08/24 03:24:31 [notice] 1#1: OS: Linux 6.10.0-linuxkit
2024/08/24 03:24:31 [notice] 1#1: getrlimit(RLIMIT_NOFILE): 1048576:1048576
2024/08/24 03:24:31 [notice] 1#1: start worker processes
2024/08/24 03:24:31 [notice] 1#1: start worker process 20
2024/08/24 03:24:31 [notice] 1#1: start worker process 21
2024/08/24 03:24:31 [notice] 1#1: start worker process 22
2024/08/24 03:24:31 [notice] 1#1: start worker process 23
2024/08/24 03:24:31 [notice] 1#1: start worker process 24
2024/08/24 03:24:31 [notice] 1#1: start worker process 25
2024/08/24 03:24:31 [notice] 1#1: start worker process 26
2024/08/24 03:24:31 [notice] 1#1: start worker process 27
2024/08/24 03:45:06 [notice] 1#1: signal 3 (SIGQUIT) received, shutting down
2024/08/24 03:45:06 [notice] 20#20: gracefully shutting down
2024/08/24 03:45:06 [notice] 24#24: gracefully shutting down
2024/08/24 03:45:06 [notice] 24#24: exiting
2024/08/24 03:45:06 [notice] 21#21: gracefully shutting down
2024/08/24 03:45:06 [notice] 22#22: gracefully shutting down
2024/08/24 03:45:06 [notice] 22#22: exiting
2024/08/24 03:45:06 [notice] 27#27: gracefully shutting down
2024/08/24 03:45:06 [notice] 25#25: gracefully shutting down
2024/08/24 03:45:06 [notice] 25#25: exiting
2024/08/24 03:45:06 [notice] 20#20: exiting
2024/08/24 03:45:06 [notice] 25#25: exit
2024/08/24 03:45:06 [notice] 23#23: gracefully shutting down
2024/08/24 03:45:06 [notice] 26#26: gracefully shutting down
2024/08/24 03:45:06 [notice] 23#23: exiting
2024/08/24 03:45:06 [notice] 24#24: exit
2024/08/24 03:45:06 [notice] 21#21: exiting
2024/08/24 03:45:06 [notice] 22#22: exit
2024/08/24 03:45:06 [notice] 23#23: exit
2024/08/24 03:45:06 [notice] 27#27: exiting
2024/08/24 03:45:06 [notice] 20#20: exit
2024/08/24 03:45:06 [notice] 26#26: exiting
2024/08/24 03:45:06 [notice] 21#21: exit
2024/08/24 03:45:06 [notice] 27#27: exit
2024/08/24 03:45:06 [notice] 26#26: exit
2024/08/24 03:45:06 [notice] 1#1: signal 17 (SIGCHLD) received from 22
2024/08/24 03:45:06 [notice] 1#1: worker process 20 exited with code 0
2024/08/24 03:45:06 [notice] 1#1: worker process 22 exited with code 0
2024/08/24 03:45:06 [notice] 1#1: worker process 23 exited with code 0
2024/08/24 03:45:06 [notice] 1#1: worker process 24 exited with code 0
2024/08/24 03:45:06 [notice] 1#1: worker process 25 exited with code 0
2024/08/24 03:45:06 [notice] 1#1: signal 29 (SIGIO) received
2024/08/24 03:45:06 [notice] 1#1: signal 17 (SIGCHLD) received from 24
2024/08/24 03:45:06 [notice] 1#1: signal 17 (SIGCHLD) received from 27
2024/08/24 03:45:06 [notice] 1#1: worker process 27 exited with code 0
2024/08/24 03:45:06 [notice] 1#1: worker process 21 exited with code 0
2024/08/24 03:45:06 [notice] 1#1: worker process 26 exited with code 0
2024/08/24 03:45:06 [notice] 1#1: exit
2024/08/24 03:45:17 [emerg] 1#1: host not found in upstream "php" in /etc/nginx/conf.d/example.conf:14
2024/08/24 03:45:18 [emerg] 1#1: host not found in upstream "php" in /etc/nginx/conf.d/example.conf:14
2024/08/24 03:45:18 [emerg] 1#1: host not found in upstream "php" in /etc/nginx/conf.d/example.conf:14
2024/08/24 03:45:18 [emerg] 1#1: host not found in upstream "php" in /etc/nginx/conf.d/example.conf:14
2024/08/24 03:45:19 [emerg] 1#1: host not found in upstream "php" in /etc/nginx/conf.d/example.conf:14
2024/08/24 03:45:21 [emerg] 1#1: host not found in upstream "php" in /etc/nginx/conf.d/example.conf:14
2024/08/24 03:45:24 [emerg] 1#1: host not found in upstream "php" in /etc/nginx/conf.d/example.conf:14
2024/08/24 03:45:31 [emerg] 1#1: host not found in upstream "php" in /etc/nginx/conf.d/example.conf:14
2024/08/24 03:45:44 [emerg] 1#1: host not found in upstream "php" in /etc/nginx/conf.d/example.conf:14
2024/08/24 03:46:10 [emerg] 1#1: host not found in upstream "php" in /etc/nginx/conf.d/example.conf:14
2024/08/24 03:47:01 [emerg] 1#1: host not found in upstream "php" in /etc/nginx/conf.d/example.conf:14
2024/08/24 03:48:01 [emerg] 1#1: host not found in upstream "php" in /etc/nginx/conf.d/example.conf:14
2024/08/24 03:49:01 [emerg] 1#1: host not found in upstream "php" in /etc/nginx/conf.d/example.conf:14
2024/08/24 03:50:01 [emerg] 1#1: host not found in upstream "php" in /etc/nginx/conf.d/example.conf:14
2024/08/24 03:51:02 [emerg] 1#1: host not found in upstream "php" in /etc/nginx/conf.d/example.conf:14
2024/08/24 04:09:11 [notice] 1#1: using the "epoll" event method
2024/08/24 04:09:11 [notice] 1#1: nginx/1.26.2
2024/08/24 04:09:11 [notice] 1#1: built by gcc 13.2.1 20240309 (Alpine 13.2.1_git20240309) 
2024/08/24 04:09:11 [notice] 1#1: OS: Linux 6.10.0-linuxkit
2024/08/24 04:09:11 [notice] 1#1: getrlimit(RLIMIT_NOFILE): 1048576:1048576
2024/08/24 04:09:11 [notice] 1#1: start worker processes
2024/08/24 04:09:11 [notice] 1#1: start worker process 19
2024/08/24 04:09:11 [notice] 1#1: start worker process 20
2024/08/24 04:09:11 [notice] 1#1: start worker process 21
2024/08/24 04:09:11 [notice] 1#1: start worker process 22
2024/08/24 04:09:11 [notice] 1#1: start worker process 23
2024/08/24 04:09:11 [notice] 1#1: start worker process 24
2024/08/24 04:09:11 [notice] 1#1: start worker process 25
2024/08/24 04:09:11 [notice] 1#1: start worker process 26
2024/08/24 04:17:22 [notice] 1#1: signal 3 (SIGQUIT) received, shutting down
2024/08/24 04:17:22 [notice] 21#21: gracefully shutting down
2024/08/24 04:17:22 [notice] 19#19: gracefully shutting down
2024/08/24 04:17:22 [notice] 22#22: gracefully shutting down
2024/08/24 04:17:22 [notice] 20#20: gracefully shutting down
2024/08/24 04:17:22 [notice] 26#26: gracefully shutting down
2024/08/24 04:17:22 [notice] 24#24: gracefully shutting down
2024/08/24 04:17:22 [notice] 25#25: gracefully shutting down
2024/08/24 04:17:22 [notice] 23#23: gracefully shutting down
2024/08/24 04:17:22 [notice] 21#21: exiting
2024/08/24 04:17:22 [notice] 19#19: exiting
2024/08/24 04:17:22 [notice] 22#22: exiting
2024/08/24 04:17:22 [notice] 20#20: exiting
2024/08/24 04:17:22 [notice] 26#26: exiting
2024/08/24 04:17:22 [notice] 20#20: exit
2024/08/24 04:17:22 [notice] 24#24: exiting
2024/08/24 04:17:22 [notice] 25#25: exiting
2024/08/24 04:17:22 [notice] 23#23: exiting
2024/08/24 04:17:22 [notice] 21#21: exit
2024/08/24 04:17:22 [notice] 19#19: exit
2024/08/24 04:17:22 [notice] 22#22: exit
2024/08/24 04:17:22 [notice] 26#26: exit
2024/08/24 04:17:22 [notice] 24#24: exit
2024/08/24 04:17:22 [notice] 25#25: exit
2024/08/24 04:17:22 [notice] 23#23: exit
2024/08/24 04:17:22 [notice] 1#1: signal 17 (SIGCHLD) received from 21
2024/08/24 04:17:22 [notice] 1#1: worker process 19 exited with code 0
2024/08/24 04:17:22 [notice] 1#1: worker process 21 exited with code 0
2024/08/24 04:17:22 [notice] 1#1: signal 29 (SIGIO) received
2024/08/24 04:17:22 [notice] 1#1: signal 17 (SIGCHLD) received from 19
2024/08/24 04:17:22 [notice] 1#1: signal 17 (SIGCHLD) received from 26
2024/08/24 04:17:22 [notice] 1#1: worker process 22 exited with code 0
2024/08/24 04:17:22 [notice] 1#1: worker process 24 exited with code 0
2024/08/24 04:17:22 [notice] 1#1: worker process 20 exited with code 0
2024/08/24 04:17:22 [notice] 1#1: worker process 25 exited with code 0
2024/08/24 04:17:22 [notice] 1#1: worker process 26 exited with code 0
2024/08/24 04:17:22 [notice] 1#1: signal 29 (SIGIO) received
2024/08/24 04:17:22 [notice] 1#1: signal 17 (SIGCHLD) received from 24
2024/08/24 04:17:22 [notice] 1#1: signal 17 (SIGCHLD) received from 23
2024/08/24 04:17:22 [notice] 1#1: worker process 23 exited with code 0
2024/08/24 04:17:22 [notice] 1#1: exit
2024/08/24 04:40:21 [notice] 1#1: using the "epoll" event method
2024/08/24 04:40:21 [notice] 1#1: nginx/1.26.2
2024/08/24 04:40:21 [notice] 1#1: built by gcc 13.2.1 20240309 (Alpine 13.2.1_git20240309) 
2024/08/24 04:40:21 [notice] 1#1: OS: Linux 6.10.0-linuxkit
2024/08/24 04:40:21 [notice] 1#1: getrlimit(RLIMIT_NOFILE): 1048576:1048576
2024/08/24 04:40:21 [notice] 1#1: start worker processes
2024/08/24 04:40:21 [notice] 1#1: start worker process 20
2024/08/24 04:40:21 [notice] 1#1: start worker process 21
2024/08/24 04:40:21 [notice] 1#1: start worker process 22
2024/08/24 04:40:21 [notice] 1#1: start worker process 23
2024/08/24 04:40:21 [notice] 1#1: start worker process 24
2024/08/24 04:40:21 [notice] 1#1: start worker process 25
2024/08/24 04:40:21 [notice] 1#1: start worker process 26
2024/08/24 04:40:21 [notice] 1#1: start worker process 27
2024/08/24 04:50:51 [notice] 1#1: signal 3 (SIGQUIT) received, shutting down
2024/08/24 04:50:51 [notice] 20#20: gracefully shutting down
2024/08/24 04:50:51 [notice] 26#26: gracefully shutting down
2024/08/24 04:50:51 [notice] 23#23: gracefully shutting down
2024/08/24 04:50:51 [notice] 21#21: gracefully shutting down
2024/08/24 04:50:51 [notice] 25#25: gracefully shutting down
2024/08/24 04:50:51 [notice] 25#25: exiting
2024/08/24 04:50:51 [notice] 22#22: gracefully shutting down
2024/08/24 04:50:51 [notice] 20#20: exiting
2024/08/24 04:50:51 [notice] 26#26: exiting
2024/08/24 04:50:51 [notice] 23#23: exiting
2024/08/24 04:50:51 [notice] 24#24: gracefully shutting down
2024/08/24 04:50:51 [notice] 23#23: exit
2024/08/24 04:50:51 [notice] 27#27: gracefully shutting down
2024/08/24 04:50:51 [notice] 21#21: exiting
2024/08/24 04:50:51 [notice] 27#27: exiting
2024/08/24 04:50:51 [notice] 22#22: exiting
2024/08/24 04:50:51 [notice] 27#27: exit
2024/08/24 04:50:51 [notice] 25#25: exit
2024/08/24 04:50:51 [notice] 20#20: exit
2024/08/24 04:50:51 [notice] 26#26: exit
2024/08/24 04:50:51 [notice] 24#24: exiting
2024/08/24 04:50:51 [notice] 24#24: exit
2024/08/24 04:50:51 [notice] 21#21: exit
2024/08/24 04:50:51 [notice] 22#22: exit
2024/08/24 04:50:51 [notice] 1#1: signal 17 (SIGCHLD) received from 25
2024/08/24 04:50:51 [notice] 1#1: worker process 20 exited with code 0
2024/08/24 04:50:51 [notice] 1#1: worker process 21 exited with code 0
2024/08/24 04:50:51 [notice] 1#1: worker process 23 exited with code 0
2024/08/24 04:50:51 [notice] 1#1: worker process 24 exited with code 0
2024/08/24 04:50:51 [notice] 1#1: worker process 22 exited with code 0
2024/08/24 04:50:51 [notice] 1#1: worker process 25 exited with code 0
2024/08/24 04:50:51 [notice] 1#1: worker process 26 exited with code 0
2024/08/24 04:50:51 [notice] 1#1: worker process 27 exited with code 0
2024/08/24 04:50:51 [notice] 1#1: exit
2024/08/24 04:56:54 [notice] 1#1: using the "epoll" event method
2024/08/24 04:56:54 [notice] 1#1: nginx/1.26.2
2024/08/24 04:56:54 [notice] 1#1: built by gcc 13.2.1 20240309 (Alpine 13.2.1_git20240309) 
2024/08/24 04:56:54 [notice] 1#1: OS: Linux 6.10.0-linuxkit
2024/08/24 04:56:54 [notice] 1#1: getrlimit(RLIMIT_NOFILE): 1048576:1048576
2024/08/24 04:56:54 [notice] 1#1: start worker processes
2024/08/24 04:56:54 [notice] 1#1: start worker process 19
2024/08/24 04:56:54 [notice] 1#1: start worker process 20
2024/08/24 04:56:54 [notice] 1#1: start worker process 21
2024/08/24 04:56:54 [notice] 1#1: start worker process 22
2024/08/24 04:56:54 [notice] 1#1: start worker process 23
2024/08/24 04:56:54 [notice] 1#1: start worker process 24
2024/08/24 04:56:54 [notice] 1#1: start worker process 25
2024/08/24 04:56:54 [notice] 1#1: start worker process 26
2024/08/24 05:11:40 [notice] 1#1: signal 3 (SIGQUIT) received, shutting down
2024/08/24 05:11:40 [notice] 20#20: gracefully shutting down
2024/08/24 05:11:40 [notice] 19#19: gracefully shutting down
2024/08/24 05:11:40 [notice] 20#20: exiting
2024/08/24 05:11:40 [notice] 21#21: gracefully shutting down
2024/08/24 05:11:40 [notice] 20#20: exit
2024/08/24 05:11:40 [notice] 23#23: gracefully shutting down
2024/08/24 05:11:40 [notice] 22#22: gracefully shutting down
2024/08/24 05:11:40 [notice] 24#24: gracefully shutting down
2024/08/24 05:11:40 [notice] 22#22: exiting
2024/08/24 05:11:40 [notice] 25#25: gracefully shutting down
2024/08/24 05:11:40 [notice] 26#26: gracefully shutting down
2024/08/24 05:11:40 [notice] 19#19: exiting
2024/08/24 05:11:40 [notice] 21#21: exiting
2024/08/24 05:11:40 [notice] 19#19: exit
2024/08/24 05:11:40 [notice] 23#23: exiting
2024/08/24 05:11:40 [notice] 24#24: exiting
2024/08/24 05:11:40 [notice] 22#22: exit
2024/08/24 05:11:40 [notice] 25#25: exiting
2024/08/24 05:11:40 [notice] 26#26: exiting
2024/08/24 05:11:40 [notice] 25#25: exit
2024/08/24 05:11:40 [notice] 21#21: exit
2024/08/24 05:11:40 [notice] 23#23: exit
2024/08/24 05:11:40 [notice] 24#24: exit
2024/08/24 05:11:40 [notice] 26#26: exit
2024/08/24 05:11:40 [notice] 1#1: signal 17 (SIGCHLD) received from 21
2024/08/24 05:11:40 [notice] 1#1: worker process 21 exited with code 0
2024/08/24 05:11:40 [notice] 1#1: signal 29 (SIGIO) received
2024/08/24 05:11:40 [notice] 1#1: signal 17 (SIGCHLD) received from 23
2024/08/24 05:11:40 [notice] 1#1: worker process 19 exited with code 0
2024/08/24 05:11:40 [notice] 1#1: worker process 20 exited with code 0
2024/08/24 05:11:40 [notice] 1#1: worker process 22 exited with code 0
2024/08/24 05:11:40 [notice] 1#1: worker process 23 exited with code 0
2024/08/24 05:11:40 [notice] 1#1: worker process 24 exited with code 0
2024/08/24 05:11:40 [notice] 1#1: worker process 25 exited with code 0
2024/08/24 05:11:40 [notice] 1#1: worker process 26 exited with code 0
2024/08/24 05:11:40 [notice] 1#1: exit
2024/08/24 05:11:41 [notice] 1#1: using the "epoll" event method
2024/08/24 05:11:41 [notice] 1#1: nginx/1.26.2
2024/08/24 05:11:41 [notice] 1#1: built by gcc 13.2.1 20240309 (Alpine 13.2.1_git20240309) 
2024/08/24 05:11:41 [notice] 1#1: OS: Linux 6.10.0-linuxkit
2024/08/24 05:11:41 [notice] 1#1: getrlimit(RLIMIT_NOFILE): 1048576:1048576
2024/08/24 05:11:41 [notice] 1#1: start worker processes
2024/08/24 05:11:41 [notice] 1#1: start worker process 20
2024/08/24 05:11:41 [notice] 1#1: start worker process 21
2024/08/24 05:11:41 [notice] 1#1: start worker process 22
2024/08/24 05:11:41 [notice] 1#1: start worker process 23
2024/08/24 05:11:41 [notice] 1#1: start worker process 24
2024/08/24 05:11:41 [notice] 1#1: start worker process 25
2024/08/24 05:11:41 [notice] 1#1: start worker process 26
2024/08/24 05:11:41 [notice] 1#1: start worker process 27
2024/08/24 06:57:00 [notice] 1#1: signal 3 (SIGQUIT) received, shutting down
2024/08/24 06:57:00 [notice] 20#20: gracefully shutting down
2024/08/24 06:57:00 [notice] 27#27: gracefully shutting down
2024/08/24 06:57:00 [notice] 21#21: gracefully shutting down
2024/08/24 06:57:00 [notice] 23#23: gracefully shutting down
2024/08/24 06:57:00 [notice] 24#24: gracefully shutting down
2024/08/24 06:57:00 [notice] 25#25: gracefully shutting down
2024/08/24 06:57:00 [notice] 26#26: gracefully shutting down
2024/08/24 06:57:00 [notice] 25#25: exiting
2024/08/24 06:57:00 [notice] 22#22: gracefully shutting down
2024/08/24 06:57:00 [notice] 20#20: exiting
2024/08/24 06:57:00 [notice] 22#22: exiting
2024/08/24 06:57:00 [notice] 27#27: exiting
2024/08/24 06:57:00 [notice] 21#21: exiting
2024/08/24 06:57:00 [notice] 23#23: exiting
2024/08/24 06:57:00 [notice] 23#23: exit
2024/08/24 06:57:00 [notice] 26#26: exiting
2024/08/24 06:57:00 [notice] 24#24: exiting
2024/08/24 06:57:00 [notice] 25#25: exit
2024/08/24 06:57:00 [notice] 20#20: exit
2024/08/24 06:57:00 [notice] 22#22: exit
2024/08/24 06:57:00 [notice] 24#24: exit
2024/08/24 06:57:00 [notice] 27#27: exit
2024/08/24 06:57:00 [notice] 21#21: exit
2024/08/24 06:57:00 [notice] 26#26: exit
2024/08/24 06:57:00 [notice] 1#1: signal 17 (SIGCHLD) received from 24
2024/08/24 06:57:00 [notice] 1#1: worker process 20 exited with code 0
2024/08/24 06:57:00 [notice] 1#1: worker process 21 exited with code 0
2024/08/24 06:57:00 [notice] 1#1: worker process 22 exited with code 0
2024/08/24 06:57:00 [notice] 1#1: worker process 23 exited with code 0
2024/08/24 06:57:00 [notice] 1#1: worker process 24 exited with code 0
2024/08/24 06:57:00 [notice] 1#1: worker process 25 exited with code 0
2024/08/24 06:57:00 [notice] 1#1: worker process 26 exited with code 0
2024/08/24 06:57:00 [notice] 1#1: worker process 27 exited with code 0
2024/08/24 06:57:00 [notice] 1#1: exit
2024/08/24 06:57:12 [emerg] 1#1: host not found in upstream "php" in /etc/nginx/conf.d/example.conf:14
2024/08/24 06:57:12 [emerg] 1#1: host not found in upstream "php" in /etc/nginx/conf.d/example.conf:14
2024/08/24 06:57:13 [emerg] 1#1: host not found in upstream "php" in /etc/nginx/conf.d/example.conf:14
2024/08/24 06:57:13 [emerg] 1#1: host not found in upstream "php" in /etc/nginx/conf.d/example.conf:14
2024/08/24 06:57:14 [emerg] 1#1: host not found in upstream "php" in /etc/nginx/conf.d/example.conf:14
2024/08/24 06:57:16 [emerg] 1#1: host not found in upstream "php" in /etc/nginx/conf.d/example.conf:14
2024/08/24 06:57:19 [emerg] 1#1: host not found in upstream "php" in /etc/nginx/conf.d/example.conf:14
2024/08/24 06:57:26 [emerg] 1#1: host not found in upstream "php" in /etc/nginx/conf.d/example.conf:14
2024/08/24 06:57:39 [emerg] 1#1: host not found in upstream "php" in /etc/nginx/conf.d/example.conf:14
2024/08/24 06:58:06 [notice] 1#1: using the "epoll" event method
2024/08/24 06:58:06 [notice] 1#1: nginx/1.26.2
2024/08/24 06:58:06 [notice] 1#1: built by gcc 13.2.1 20240309 (Alpine 13.2.1_git20240309) 
2024/08/24 06:58:06 [notice] 1#1: OS: Linux 6.10.0-linuxkit
2024/08/24 06:58:06 [notice] 1#1: getrlimit(RLIMIT_NOFILE): 1048576:1048576
2024/08/24 06:58:06 [notice] 1#1: start worker processes
2024/08/24 06:58:06 [notice] 1#1: start worker process 20
2024/08/24 06:58:06 [notice] 1#1: start worker process 21
2024/08/24 06:58:06 [notice] 1#1: start worker process 22
2024/08/24 06:58:06 [notice] 1#1: start worker process 23
2024/08/24 06:58:06 [notice] 1#1: start worker process 24
2024/08/24 06:58:06 [notice] 1#1: start worker process 25
2024/08/24 06:58:06 [notice] 1#1: start worker process 26
2024/08/24 06:58:06 [notice] 1#1: start worker process 27
2024/08/24 08:59:56 [notice] 1#1: signal 3 (SIGQUIT) received, shutting down
2024/08/24 08:59:56 [notice] 22#22: gracefully shutting down
2024/08/24 08:59:56 [notice] 21#21: gracefully shutting down
2024/08/24 08:59:56 [notice] 20#20: gracefully shutting down
2024/08/24 08:59:56 [notice] 23#23: gracefully shutting down
2024/08/24 08:59:56 [notice] 24#24: gracefully shutting down
2024/08/24 08:59:56 [notice] 25#25: gracefully shutting down
2024/08/24 08:59:56 [notice] 27#27: gracefully shutting down
2024/08/24 08:59:56 [notice] 26#26: gracefully shutting down
2024/08/24 08:59:56 [notice] 22#22: exiting
2024/08/24 08:59:56 [notice] 21#21: exiting
2024/08/24 08:59:56 [notice] 20#20: exiting
2024/08/24 08:59:56 [notice] 23#23: exiting
2024/08/24 08:59:56 [notice] 24#24: exiting
2024/08/24 08:59:56 [notice] 25#25: exiting
2024/08/24 08:59:56 [notice] 24#24: exit
2024/08/24 08:59:56 [notice] 27#27: exiting
2024/08/24 08:59:56 [notice] 26#26: exiting
2024/08/24 08:59:56 [notice] 27#27: exit
2024/08/24 08:59:56 [notice] 22#22: exit
2024/08/24 08:59:56 [notice] 21#21: exit
2024/08/24 08:59:56 [notice] 20#20: exit
2024/08/24 08:59:56 [notice] 23#23: exit
2024/08/24 08:59:56 [notice] 25#25: exit
2024/08/24 08:59:56 [notice] 26#26: exit
2024/08/24 08:59:56 [notice] 1#1: signal 17 (SIGCHLD) received from 22
2024/08/24 08:59:56 [notice] 1#1: worker process 21 exited with code 0
2024/08/24 08:59:56 [notice] 1#1: worker process 22 exited with code 0
2024/08/24 08:59:56 [notice] 1#1: worker process 23 exited with code 0
2024/08/24 08:59:56 [notice] 1#1: worker process 27 exited with code 0
2024/08/24 08:59:56 [notice] 1#1: signal 29 (SIGIO) received
2024/08/24 08:59:56 [notice] 1#1: signal 17 (SIGCHLD) received from 27
2024/08/24 08:59:56 [notice] 1#1: signal 17 (SIGCHLD) received from 20
2024/08/24 08:59:56 [notice] 1#1: worker process 20 exited with code 0
2024/08/24 08:59:56 [notice] 1#1: worker process 26 exited with code 0
2024/08/24 08:59:56 [notice] 1#1: signal 29 (SIGIO) received
2024/08/24 08:59:56 [notice] 1#1: signal 17 (SIGCHLD) received from 26
2024/08/24 08:59:56 [notice] 1#1: signal 17 (SIGCHLD) received from 25
2024/08/24 08:59:56 [notice] 1#1: worker process 24 exited with code 0
2024/08/24 08:59:56 [notice] 1#1: worker process 25 exited with code 0
2024/08/24 08:59:56 [notice] 1#1: exit
2024/08/24 08:59:56 [emerg] 1#1: directive "index" is not terminated by ";" in /etc/nginx/conf.d/example.conf:9
2024/08/24 08:59:56 [emerg] 1#1: directive "index" is not terminated by ";" in /etc/nginx/conf.d/example.conf:9
2024/08/24 08:59:57 [emerg] 1#1: directive "index" is not terminated by ";" in /etc/nginx/conf.d/example.conf:9
2024/08/24 08:59:57 [emerg] 1#1: directive "index" is not terminated by ";" in /etc/nginx/conf.d/example.conf:9
2024/08/24 08:59:58 [emerg] 1#1: directive "index" is not terminated by ";" in /etc/nginx/conf.d/example.conf:9
2024/08/24 09:00:00 [emerg] 1#1: directive "index" is not terminated by ";" in /etc/nginx/conf.d/example.conf:9
2024/08/24 09:00:03 [emerg] 1#1: directive "index" is not terminated by ";" in /etc/nginx/conf.d/example.conf:9
2024/08/24 09:00:10 [emerg] 1#1: directive "index" is not terminated by ";" in /etc/nginx/conf.d/example.conf:9
2024/08/24 09:00:29 [notice] 1#1: using the "epoll" event method
2024/08/24 09:00:29 [notice] 1#1: nginx/1.26.2
2024/08/24 09:00:29 [notice] 1#1: built by gcc 13.2.1 20240309 (Alpine 13.2.1_git20240309) 
2024/08/24 09:00:29 [notice] 1#1: OS: Linux 6.10.0-linuxkit
2024/08/24 09:00:29 [notice] 1#1: getrlimit(RLIMIT_NOFILE): 1048576:1048576
2024/08/24 09:00:29 [notice] 1#1: start worker processes
2024/08/24 09:00:29 [notice] 1#1: start worker process 20
2024/08/24 09:00:29 [notice] 1#1: start worker process 21
2024/08/24 09:00:29 [notice] 1#1: start worker process 22
2024/08/24 09:00:29 [notice] 1#1: start worker process 23
2024/08/24 09:00:29 [notice] 1#1: start worker process 24
2024/08/24 09:00:29 [notice] 1#1: start worker process 25
2024/08/24 09:00:29 [notice] 1#1: start worker process 26
2024/08/24 09:00:29 [notice] 1#1: start worker process 27
2024/08/24 09:29:52 [notice] 1#1: signal 3 (SIGQUIT) received, shutting down
2024/08/24 09:29:52 [notice] 20#20: gracefully shutting down
2024/08/24 09:29:52 [notice] 26#26: gracefully shutting down
2024/08/24 09:29:52 [notice] 21#21: gracefully shutting down
2024/08/24 09:29:52 [notice] 24#24: gracefully shutting down
2024/08/24 09:29:52 [notice] 22#22: gracefully shutting down
2024/08/24 09:29:52 [notice] 23#23: gracefully shutting down
2024/08/24 09:29:52 [notice] 22#22: exiting
2024/08/24 09:29:52 [notice] 25#25: gracefully shutting down
2024/08/24 09:29:52 [notice] 27#27: gracefully shutting down
2024/08/24 09:29:52 [notice] 20#20: exiting
2024/08/24 09:29:52 [notice] 26#26: exiting
2024/08/24 09:29:52 [notice] 21#21: exiting
2024/08/24 09:29:52 [notice] 20#20: exit
2024/08/24 09:29:52 [notice] 24#24: exiting
2024/08/24 09:29:52 [notice] 23#23: exiting
2024/08/24 09:29:52 [notice] 25#25: exiting
2024/08/24 09:29:52 [notice] 27#27: exiting
2024/08/24 09:29:52 [notice] 22#22: exit
2024/08/24 09:29:52 [notice] 26#26: exit
2024/08/24 09:29:52 [notice] 21#21: exit
2024/08/24 09:29:52 [notice] 24#24: exit
2024/08/24 09:29:52 [notice] 23#23: exit
2024/08/24 09:29:52 [notice] 25#25: exit
2024/08/24 09:29:52 [notice] 27#27: exit
2024/08/24 09:29:52 [notice] 1#1: signal 17 (SIGCHLD) received from 25
2024/08/24 09:29:52 [notice] 1#1: worker process 24 exited with code 0
2024/08/24 09:29:52 [notice] 1#1: worker process 25 exited with code 0
2024/08/24 09:29:52 [notice] 1#1: signal 29 (SIGIO) received
2024/08/24 09:29:52 [notice] 1#1: signal 17 (SIGCHLD) received from 20
2024/08/24 09:29:52 [notice] 1#1: worker process 20 exited with code 0
2024/08/24 09:29:52 [notice] 1#1: worker process 22 exited with code 0
2024/08/24 09:29:52 [notice] 1#1: worker process 21 exited with code 0
2024/08/24 09:29:52 [notice] 1#1: worker process 23 exited with code 0
2024/08/24 09:29:52 [notice] 1#1: worker process 26 exited with code 0
2024/08/24 09:29:52 [notice] 1#1: worker process 27 exited with code 0
2024/08/24 09:29:52 [notice] 1#1: exit
2024/08/24 09:29:53 [notice] 1#1: using the "epoll" event method
2024/08/24 09:29:53 [notice] 1#1: nginx/1.26.2
2024/08/24 09:29:53 [notice] 1#1: built by gcc 13.2.1 20240309 (Alpine 13.2.1_git20240309) 
2024/08/24 09:29:53 [notice] 1#1: OS: Linux 6.10.0-linuxkit
2024/08/24 09:29:53 [notice] 1#1: getrlimit(RLIMIT_NOFILE): 1048576:1048576
2024/08/24 09:29:53 [notice] 1#1: start worker processes
2024/08/24 09:29:53 [notice] 1#1: start worker process 20
2024/08/24 09:29:53 [notice] 1#1: start worker process 21
2024/08/24 09:29:53 [notice] 1#1: start worker process 22
2024/08/24 09:29:53 [notice] 1#1: start worker process 23
2024/08/24 09:29:53 [notice] 1#1: start worker process 24
2024/08/24 09:29:53 [notice] 1#1: start worker process 25
2024/08/24 09:29:53 [notice] 1#1: start worker process 26
2024/08/24 09:29:53 [notice] 1#1: start worker process 27
